[1214/095303.917:ERROR:directory_reader_win.cc(43)] FindFirstFile: The system cannot find the path specified. (0x3)
[1214/152011.966:ERROR:directory_reader_win.cc(43)] FindFirstFile: The system cannot find the path specified. (0x3)
[1218/141952.574:ERROR:settings.cc(320)] Settings magic is not 1129342067
[1218/142952.727:ERROR:directory_reader_win.cc(43)] FindFirstFile: The system cannot find the path specified. (0x3)
[1220/121732.738:ERROR:settings.cc(320)] Settings magic is not 1129342067
[1220/122732.931:ERROR:directory_reader_win.cc(43)] FindFirstFile: The system cannot find the path specified. (0x3)
[1220/130805.788:ERROR:process_reader_win.cc(151)] SuspendThread: Access is denied. (0x5)
[1223/104028.483:ERROR:settings.cc(320)] Settings magic is not 1129342067
[1223/104955.834:ERROR:process_memory_win.cc(73)] ReadMemory at 0x23016464f10 of 72 bytes failed: Only part of a ReadProcessMemory or WriteProcessMemory request was completed. (0x12B)
[1223/104956.159:WARNING:pe_image_annotations_reader.cc(135)] could not read annotations list object in C:\Program Files (x86)\Google\Chrome\Application\87.0.4280.88\chrome_elf.dll
[1223/104956.159:ERROR:process_memory_win.cc(73)] ReadMemory at 0x7ffc1e190000 of 64 bytes failed: Only part of a ReadProcessMemory or WriteProcessMemory request was completed. (0x12B)
[1223/104956.159:WARNING:pe_image_reader.cc(340)] could not read dos header from C:\WINDOWS\SYSTEM32\VERSION.dll
[1223/104956.159:ERROR:process_memory_win.cc(73)] ReadMemory at 0x7ffc2bb80000 of 64 bytes failed: Only part of a ReadProcessMemory or WriteProcessMemory request was completed. (0x12B)
[1223/104956.159:WARNING:pe_image_reader.cc(340)] could not read dos header from C:\WINDOWS\System32\msvcrt.dll
[1223/104956.159:ERROR:process_memory_win.cc(73)] ReadMemory at 0x7ffc29110000 of 64 bytes failed: Only part of a ReadProcessMemory or WriteProcessMemory request was completed. (0x12B)
[1223/104956.159:WARNING:pe_image_reader.cc(340)] could not read dos header from C:\WINDOWS\System32\bcryptPrimitives.dll
[1223/104956.159:ERROR:process_memory_win.cc(73)] ReadMemory at 0x7ffc2a8d0000 of 64 bytes failed: Only part of a ReadProcessMemory or WriteProcessMemory request was completed. (0x12B)
[1223/104956.159:WARNING:pe_image_reader.cc(340)] could not read dos header from C:\WINDOWS\System32\ADVAPI32.dll
[1223/104956.159:ERROR:process_memory_win.cc(73)] ReadMemory at 0x7ffc2a320000 of 64 bytes failed: Only part of a ReadProcessMemory or WriteProcessMemory request was completed. (0x12B)
[1223/104956.159:WARNING:pe_image_reader.cc(340)] could not read dos header from C:\WINDOWS\System32\sechost.dll
[1223/104956.159:ERROR:process_memory_win.cc(73)] ReadMemory at 0x7ffc2a200000 of 64 bytes failed: Only part of a ReadProcessMemory or WriteProcessMemory request was completed. (0x12B)
[1223/104956.159:WARNING:pe_image_reader.cc(340)] could not read dos header from C:\WINDOWS\System32\RPCRT4.dll
[1223/104956.159:ERROR:process_memory_win.cc(73)] ReadMemory at 0x7ffbea450000 of 64 bytes failed: Only part of a ReadProcessMemory or WriteProcessMemory request was completed. (0x12B)
[1223/104956.159:WARNING:pe_image_reader.cc(340)] could not read dos header from C:\Program Files (x86)\Google\Chrome\Application\87.0.4280.88\chrome.dll
[1223/104956.159:ERROR:process_memory_win.cc(73)] ReadMemory at 0x7ffc2aac0000 of 64 bytes failed: Only part of a ReadProcessMemory or WriteProcessMemory request was completed. (0x12B)
[1223/104956.159:WARNING:pe_image_reader.cc(340)] could not read dos header from C:\WINDOWS\System32\WS2_32.dll
[1223/104956.159:ERROR:process_memory_win.cc(73)] ReadMemory at 0x7ffc2bc90000 of 64 bytes failed: Only part of a ReadProcessMemory or WriteProcessMemory request was completed. (0x12B)
[1223/104956.159:WARNING:pe_image_reader.cc(340)] could not read dos header from C:\WINDOWS\System32\OLEAUT32.dll
[1223/104956.159:ERROR:process_memory_win.cc(73)] ReadMemory at 0x7ffc291a0000 of 64 bytes failed: Only part of a ReadProcessMemory or WriteProcessMemory request was completed. (0x12B)
[1223/104956.159:WARNING:pe_image_reader.cc(340)] could not read dos header from C:\WINDOWS\System32\msvcp_win.dll
[1223/104956.831:ERROR:process_memory_win.cc(73)] ReadMemory at 0x7ffc29a40000 of 64 bytes failed: Only part of a ReadProcessMemory or WriteProcessMemory request was completed. (0x12B)
[1223/104956.831:WARNING:pe_image_reader.cc(340)] could not read dos header from C:\WINDOWS\System32\ucrtbase.dll
[1223/104956.831:ERROR:process_memory_win.cc(73)] ReadMemory at 0x7ffc2a3f0000 of 64 bytes failed: Only part of a ReadProcessMemory or WriteProcessMemory request was completed. (0x12B)
[1223/104956.831:WARNING:pe_image_reader.cc(340)] could not read dos header from C:\WINDOWS\System32\combase.dll
[1223/104956.831:ERROR:process_memory_win.cc(73)] ReadMemory at 0x7ffc28e00000 of 64 bytes failed: Only part of a ReadProcessMemory or WriteProcessMemory request was completed. (0x12B)
[1223/104956.831:WARNING:pe_image_reader.cc(340)] could not read dos header from C:\WINDOWS\System32\WINTRUST.dll
[1223/104956.831:ERROR:process_memory_win.cc(73)] ReadMemory at 0x7ffc28d90000 of 64 bytes failed: Only part of a ReadProcessMemory or WriteProcessMemory request was completed. (0x12B)
[1223/104956.831:WARNING:pe_image_reader.cc(340)] could not read dos header from C:\WINDOWS\System32\MSASN1.dll
[1223/104956.831:ERROR:process_memory_win.cc(73)] ReadMemory at 0x7ffc29b40000 of 64 bytes failed: Only part of a ReadProcessMemory or WriteProcessMemory request was completed. (0x12B)
[1223/104956.831:WARNING:pe_image_reader.cc(340)] could not read dos header from C:\WINDOWS\System32\CRYPT32.dll
[1223/104956.831:ERROR:process_memory_win.cc(73)] ReadMemory at 0x7ffc274d0000 of 64 bytes failed: Only part of a ReadProcessMemory or WriteProcessMemory request was completed. (0x12B)
[1223/104956.831:WARNING:pe_image_reader.cc(340)] could not read dos header from C:\WINDOWS\SYSTEM32\dbghelp.dll
[1223/104956.831:ERROR:process_memory_win.cc(73)] ReadMemory at 0x7ffc28260000 of 64 bytes failed: Only part of a ReadProcessMemory or WriteProcessMemory request was completed. (0x12B)
[1223/104956.831:WARNING:pe_image_reader.cc(340)] could not read dos header from C:\WINDOWS\SYSTEM32\IPHLPAPI.DLL
[1223/104956.831:ERROR:process_memory_win.cc(73)] ReadMemory at 0x7ffc25340000 of 64 bytes failed: Only part of a ReadProcessMemory or WriteProcessMemory request was completed. (0x12B)
[1223/104956.831:WARNING:pe_image_reader.cc(340)] could not read dos header from C:\WINDOWS\SYSTEM32\WINMM.dll
[1223/104956.831:ERROR:process_memory_win.cc(73)] ReadMemory at 0x7ffc11400000 of 64 bytes failed: Only part of a ReadProcessMemory or WriteProcessMemory request was completed. (0x12B)
[1223/104956.831:WARNING:pe_image_reader.cc(340)] could not read dos header from C:\WINDOWS\SYSTEM32\UIAutomationCore.DLL
[1223/104956.831:ERROR:process_memory_win.cc(73)] ReadMemory at 0x7ffc14780000 of 64 bytes failed: Only part of a ReadProcessMemory or WriteProcessMemory request was completed. (0x12B)
[1223/104956.831:WARNING:pe_image_reader.cc(340)] could not read dos header from C:\WINDOWS\SYSTEM32\Secur32.dll
[1223/104956.831:ERROR:process_memory_win.cc(73)] ReadMemory at 0x7ffc28be0000 of 64 bytes failed: Only part of a ReadProcessMemory or WriteProcessMemory request was completed. (0x12B)
[1223/104956.831:WARNING:pe_image_reader.cc(340)] could not read dos header from C:\WINDOWS\SYSTEM32\USERENV.dll
[1223/104956.831:ERROR:process_memory_win.cc(73)] ReadMemory at 0x7ffc28d70000 of 64 bytes failed: Only part of a ReadProcessMemory or WriteProcessMemory request was completed. (0x12B)
[1223/104956.831:WARNING:pe_image_reader.cc(340)] could not read dos header from C:\WINDOWS\System32\profapi.dll
[1223/104956.831:ERROR:process_memory_win.cc(73)] ReadMemory at 0x7ffc19540000 of 64 bytes failed: Only part of a ReadProcessMemory or WriteProcessMemory request was completed. (0x12B)
[1223/104956.831:WARNING:pe_image_reader.cc(340)] could not read dos header from C:\WINDOWS\SYSTEM32\DWrite.dll
[1223/104956.831:ERROR:process_memory_win.cc(73)] ReadMemory at 0x7ffc1bcc0000 of 64 bytes failed: Only part of a ReadProcessMemory or WriteProcessMemory request was completed. (0x12B)
[1223/104956.924:WARNING:pe_image_reader.cc(340)] could not read dos header from C:\WINDOWS\SYSTEM32\WINSPOOL.DRV
[1223/104956.924:ERROR:process_memory_win.cc(73)] ReadMemory at 0x7ffc28d50000 of 64 bytes failed: Only part of a ReadProcessMemory or WriteProcessMemory request was completed. (0x12B)
[1223/104956.924:WARNING:pe_image_reader.cc(340)] could not read dos header from C:\WINDOWS\System32\kernel.appcore.dll
[1223/104956.924:ERROR:process_memory_win.cc(73)] ReadMemory at 0x7ffc28dd0000 of 64 bytes failed: Only part of a ReadProcessMemory or WriteProcessMemory request was completed. (0x12B)
[1223/104956.924:WARNING:pe_image_reader.cc(340)] could not read dos header from C:\WINDOWS\System32\bcrypt.dll
[1223/104956.924:ERROR:process_memory_win.cc(73)] ReadMemory at 0x7ffc223a0000 of 64 bytes failed: Only part of a ReadProcessMemory or WriteProcessMemory request was completed. (0x12B)
[1223/104956.924:WARNING:pe_image_reader.cc(340)] could not read dos header from C:\WINDOWS\SYSTEM32\WINHTTP.dll
[1223/104956.924:ERROR:process_memory_win.cc(73)] ReadMemory at 0x7ffc1e300000 of 64 bytes failed: Only part of a ReadProcessMemory or WriteProcessMemory request was completed. (0x12B)
[1223/104956.924:WARNING:pe_image_reader.cc(340)] could not read dos header from C:\WINDOWS\SYSTEM32\dhcpcsvc.DLL
[1223/104956.924:ERROR:process_memory_win.cc(73)] ReadMemory at 0x7ffc2b210000 of 64 bytes failed: Only part of a ReadProcessMemory or WriteProcessMemory request was completed. (0x12B)
[1223/104956.924:WARNING:pe_image_reader.cc(340)] could not read dos header from C:\WINDOWS\System32\NSI.dll
[1223/104956.924:ERROR:process_memory_win.cc(73)] ReadMemory at 0x7ffc252b0000 of 64 bytes failed: Only part of a ReadProcessMemory or WriteProcessMemory request was completed. (0x12B)
[1223/104956.924:WARNING:pe_image_reader.cc(340)] could not read dos header from C:\WINDOWS\SYSTEM32\WINMMBASE.dll
[1223/104956.924:ERROR:process_memory_win.cc(73)] ReadMemory at 0x7ffc299f0000 of 64 bytes failed: Only part of a ReadProcessMemory or WriteProcessMemory request was completed. (0x12B)
[1223/104956.924:WARNING:pe_image_reader.cc(340)] could not read dos header from C:\WINDOWS\System32\cfgmgr32.dll
[1223/104956.924:ERROR:process_memory_win.cc(73)] ReadMemory at 0x7ffc251c0000 of 64 bytes failed: Only part of a ReadProcessMemory or WriteProcessMemory request was completed. (0x12B)
[1223/104956.924:WARNING:pe_image_reader.cc(340)] could not read dos header from C:\WINDOWS\SYSTEM32\PROPSYS.dll
[1223/104956.924:ERROR:process_memory_win.cc(73)] ReadMemory at 0x7ffc29f90000 of 64 bytes failed: Only part of a ReadProcessMemory or WriteProcessMemory request was completed. (0x12B)
[1223/104956.924:WARNING:pe_image_reader.cc(340)] could not read dos header from C:\WINDOWS\System32\shcore.dll
[1223/104956.924:ERROR:process_memory_win.cc(73)] ReadMemory at 0x7ffc28c10000 of 64 bytes failed: Only part of a ReadProcessMemory or WriteProcessMemory request was completed. (0x12B)
[1223/104956.924:WARNING:pe_image_reader.cc(340)] could not read dos header from C:\WINDOWS\SYSTEM32\SSPICLI.DLL
[1223/104956.924:ERROR:process_memory_win.cc(73)] ReadMemory at 0x7ffc286d0000 of 64 bytes failed: Only part of a ReadProcessMemory or WriteProcessMemory request was completed. (0x12B)
[1223/104956.924:WARNING:pe_image_reader.cc(340)] could not read dos header from C:\WINDOWS\SYSTEM32\CRYPTBASE.DLL
[1223/104957.034:ERROR:process_memory_win.cc(73)] ReadMemory at 0x7ff79b040000 of 64 bytes failed: Only part of a ReadProcessMemory or WriteProcessMemory request was completed. (0x12B)
[1223/104957.034:WARNING:pe_image_reader.cc(340)] could not read dos header from C:\Program Files (x86)\Google\Chrome\Application\chrome.exe
[1223/104957.034:ERROR:process_memory_win.cc(73)] ReadMemory at 0x7ffc2bda0000 of 64 bytes failed: Only part of a ReadProcessMemory or WriteProcessMemory request was completed. (0x12B)
[1223/104957.034:WARNING:pe_image_reader.cc(340)] could not read dos header from C:\WINDOWS\SYSTEM32\ntdll.dll
[1223/104957.034:ERROR:process_memory_win.cc(73)] ReadMemory at 0x7ffc2a0b0000 of 64 bytes failed: Only part of a ReadProcessMemory or WriteProcessMemory request was completed. (0x12B)
[1223/104957.034:WARNING:pe_image_reader.cc(340)] could not read dos header from C:\WINDOWS\System32\KERNEL32.DLL
[1223/104957.034:ERROR:process_memory_win.cc(73)] ReadMemory at 0x7ffc28e60000 of 64 bytes failed: Only part of a ReadProcessMemory or WriteProcessMemory request was completed. (0x12B)
[1223/104957.034:WARNING:pe_image_reader.cc(340)] could not read dos header from C:\WINDOWS\System32\KERNELBASE.dll
[1223/104957.034:ERROR:process_memory_win.cc(73)] ReadMemory at 0x7ffc21870000 of 64 bytes failed: Only part of a ReadProcessMemory or WriteProcessMemory request was completed. (0x12B)
[1223/104957.034:WARNING:pe_image_reader.cc(340)] could not read dos header from C:\Program Files (x86)\Google\Chrome\Application\87.0.4280.88\chrome_elf.dll
[1223/104957.034:ERROR:process_memory_win.cc(73)] ReadMemory at 0x7ffc1e190000 of 64 bytes failed: Only part of a ReadProcessMemory or WriteProcessMemory request was completed. (0x12B)
[1223/104957.034:WARNING:pe_image_reader.cc(340)] could not read dos header from C:\WINDOWS\SYSTEM32\VERSION.dll
[1223/104957.034:ERROR:process_memory_win.cc(73)] ReadMemory at 0x7ffc2bb80000 of 64 bytes failed: Only part of a ReadProcessMemory or WriteProcessMemory request was completed. (0x12B)
[1223/104957.034:WARNING:pe_image_reader.cc(340)] could not read dos header from C:\WINDOWS\System32\msvcrt.dll
[1223/104957.034:ERROR:process_memory_win.cc(73)] ReadMemory at 0x7ffc29110000 of 64 bytes failed: Only part of a ReadProcessMemory or WriteProcessMemory request was completed. (0x12B)
[1223/104957.034:WARNING:pe_image_reader.cc(340)] could not read dos header from C:\WINDOWS\System32\bcryptPrimitives.dll
[1223/104957.034:ERROR:process_memory_win.cc(73)] ReadMemory at 0x7ffc2a8d0000 of 64 bytes failed: Only part of a ReadProcessMemory or WriteProcessMemory request was completed. (0x12B)
[1223/104957.034:WARNING:pe_image_reader.cc(340)] could not read dos header from C:\WINDOWS\System32\ADVAPI32.dll
[1223/104957.034:ERROR:process_memory_win.cc(73)] ReadMemory at 0x7ffc2a320000 of 64 bytes failed: Only part of a ReadProcessMemory or WriteProcessMemory request was completed. (0x12B)
[1223/104957.034:WARNING:pe_image_reader.cc(340)] could not read dos header from C:\WINDOWS\System32\sechost.dll
[1223/104957.034:ERROR:process_memory_win.cc(73)] ReadMemory at 0x7ffc2a200000 of 64 bytes failed: Only part of a ReadProcessMemory or WriteProcessMemory request was completed. (0x12B)
[1223/104957.034:WARNING:pe_image_reader.cc(340)] could not read dos header from C:\WINDOWS\System32\RPCRT4.dll
[1223/104957.034:ERROR:process_memory_win.cc(73)] ReadMemory at 0x7ffbea450000 of 64 bytes failed: Only part of a ReadProcessMemory or WriteProcessMemory request was completed. (0x12B)
[1223/104957.034:WARNING:pe_image_reader.cc(340)] could not read dos header from C:\Program Files (x86)\Google\Chrome\Application\87.0.4280.88\chrome.dll
[1223/104957.034:ERROR:process_memory_win.cc(73)] ReadMemory at 0x7ffc2aac0000 of 64 bytes failed: Only part of a ReadProcessMemory or WriteProcessMemory request was completed. (0x12B)
[1223/104957.034:WARNING:pe_image_reader.cc(340)] could not read dos header from C:\WINDOWS\System32\WS2_32.dll
[1223/104957.034:ERROR:process_memory_win.cc(73)] ReadMemory at 0x7ffc2bc90000 of 64 bytes failed: Only part of a ReadProcessMemory or WriteProcessMemory request was completed. (0x12B)
[1223/104957.034:WARNING:pe_image_reader.cc(340)] could not read dos header from C:\WINDOWS\System32\OLEAUT32.dll
[1223/104957.034:ERROR:process_memory_win.cc(73)] ReadMemory at 0x7ffc291a0000 of 64 bytes failed: Only part of a ReadProcessMemory or WriteProcessMemory request was completed. (0x12B)
[1223/104957.034:WARNING:pe_image_reader.cc(340)] could not read dos header from C:\WINDOWS\System32\msvcp_win.dll
[1223/104957.034:ERROR:process_memory_win.cc(73)] ReadMemory at 0x7ffc29a40000 of 64 bytes failed: Only part of a ReadProcessMemory or WriteProcessMemory request was completed. (0x12B)
[1223/104957.034:WARNING:pe_image_reader.cc(340)] could not read dos header from C:\WINDOWS\System32\ucrtbase.dll
[1223/104957.034:ERROR:process_memory_win.cc(73)] ReadMemory at 0x7ffc2a3f0000 of 64 bytes failed: Only part of a ReadProcessMemory or WriteProcessMemory request was completed. (0x12B)
[1223/104957.034:WARNING:pe_image_reader.cc(340)] could not read dos header from C:\WINDOWS\System32\combase.dll
[1223/104957.034:ERROR:process_memory_win.cc(73)] ReadMemory at 0x7ffc28e00000 of 64 bytes failed: Only part of a ReadProcessMemory or WriteProcessMemory request was completed. (0x12B)
[1223/104957.034:WARNING:pe_image_reader.cc(340)] could not read dos header from C:\WINDOWS\System32\WINTRUST.dll
[1223/104957.034:ERROR:process_memory_win.cc(73)] ReadMemory at 0x7ffc28d90000 of 64 bytes failed: Only part of a ReadProcessMemory or WriteProcessMemory request was completed. (0x12B)
[1223/104957.034:WARNING:pe_image_reader.cc(340)] could not read dos header from C:\WINDOWS\System32\MSASN1.dll
[1223/104957.034:ERROR:process_memory_win.cc(73)] ReadMemory at 0x7ffc29b40000 of 64 bytes failed: Only part of a ReadProcessMemory or WriteProcessMemory request was completed. (0x12B)
[1223/104957.034:WARNING:pe_image_reader.cc(340)] could not read dos header from C:\WINDOWS\System32\CRYPT32.dll
[1223/104957.034:ERROR:process_memory_win.cc(73)] ReadMemory at 0x7ffc274d0000 of 64 bytes failed: Only part of a ReadProcessMemory or WriteProcessMemory request was completed. (0x12B)
[1223/104957.034:WARNING:pe_image_reader.cc(340)] could not read dos header from C:\WINDOWS\SYSTEM32\dbghelp.dll
[1223/104957.034:ERROR:process_memory_win.cc(73)] ReadMemory at 0x7ffc28260000 of 64 bytes failed: Only part of a ReadProcessMemory or WriteProcessMemory request was completed. (0x12B)
[1223/104957.034:WARNING:pe_image_reader.cc(340)] could not read dos header from C:\WINDOWS\SYSTEM32\IPHLPAPI.DLL
[1223/104957.034:ERROR:process_memory_win.cc(73)] ReadMemory at 0x7ffc25340000 of 64 bytes failed: Only part of a ReadProcessMemory or WriteProcessMemory request was completed. (0x12B)
[1223/104957.034:WARNING:pe_image_reader.cc(340)] could not read dos header from C:\WINDOWS\SYSTEM32\WINMM.dll
[1223/104957.034:ERROR:process_memory_win.cc(73)] ReadMemory at 0x7ffc11400000 of 64 bytes failed: Only part of a ReadProcessMemory or WriteProcessMemory request was completed. (0x12B)
[1223/104957.034:WARNING:pe_image_reader.cc(340)] could not read dos header from C:\WINDOWS\SYSTEM32\UIAutomationCore.DLL
[1223/104957.034:ERROR:process_memory_win.cc(73)] ReadMemory at 0x7ffc14780000 of 64 bytes failed: Only part of a ReadProcessMemory or WriteProcessMemory request was completed. (0x12B)
[1223/104957.034:WARNING:pe_image_reader.cc(340)] could not read dos header from C:\WINDOWS\SYSTEM32\Secur32.dll
[1223/104957.034:ERROR:process_memory_win.cc(73)] ReadMemory at 0x7ffc28be0000 of 64 bytes failed: Only part of a ReadProcessMemory or WriteProcessMemory request was completed. (0x12B)
[1223/104957.034:WARNING:pe_image_reader.cc(340)] could not read dos header from C:\WINDOWS\SYSTEM32\USERENV.dll
[1223/104957.034:ERROR:process_memory_win.cc(73)] ReadMemory at 0x7ffc28d70000 of 64 bytes failed: Only part of a ReadProcessMemory or WriteProcessMemory request was completed. (0x12B)
[1223/104957.034:WARNING:pe_image_reader.cc(340)] could not read dos header from C:\WINDOWS\System32\profapi.dll
[1223/104957.034:ERROR:process_memory_win.cc(73)] ReadMemory at 0x7ffc19540000 of 64 bytes failed: Only part of a ReadProcessMemory or WriteProcessMemory request was completed. (0x12B)
[1223/104957.034:WARNING:pe_image_reader.cc(340)] could not read dos header from C:\WINDOWS\SYSTEM32\DWrite.dll
[1223/104957.034:ERROR:process_memory_win.cc(73)] ReadMemory at 0x7ffc1bcc0000 of 64 bytes failed: Only part of a ReadProcessMemory or WriteProcessMemory request was completed. (0x12B)
[1223/104957.034:WARNING:pe_image_reader.cc(340)] could not read dos header from C:\WINDOWS\SYSTEM32\WINSPOOL.DRV
[1223/104957.034:ERROR:process_memory_win.cc(73)] ReadMemory at 0x7ffc28d50000 of 64 bytes failed: Only part of a ReadProcessMemory or WriteProcessMemory request was completed. (0x12B)
[1223/104957.034:WARNING:pe_image_reader.cc(340)] could not read dos header from C:\WINDOWS\System32\kernel.appcore.dll
[1223/104957.034:ERROR:process_memory_win.cc(73)] ReadMemory at 0x7ffc28dd0000 of 64 bytes failed: Only part of a ReadProcessMemory or WriteProcessMemory request was completed. (0x12B)
[1223/104957.034:WARNING:pe_image_reader.cc(340)] could not read dos header from C:\WINDOWS\System32\bcrypt.dll
[1223/104957.034:ERROR:process_memory_win.cc(73)] ReadMemory at 0x7ffc223a0000 of 64 bytes failed: Only part of a ReadProcessMemory or WriteProcessMemory request was completed. (0x12B)
[1223/104957.034:WARNING:pe_image_reader.cc(340)] could not read dos header from C:\WINDOWS\SYSTEM32\WINHTTP.dll
[1223/104957.034:ERROR:process_memory_win.cc(73)] ReadMemory at 0x7ffc1e300000 of 64 bytes failed: Only part of a ReadProcessMemory or WriteProcessMemory request was completed. (0x12B)
[1223/104957.034:WARNING:pe_image_reader.cc(340)] could not read dos header from C:\WINDOWS\SYSTEM32\dhcpcsvc.DLL
[1223/104957.034:ERROR:process_memory_win.cc(73)] ReadMemory at 0x7ffc2b210000 of 64 bytes failed: Only part of a ReadProcessMemory or WriteProcessMemory request was completed. (0x12B)
[1223/104957.034:WARNING:pe_image_reader.cc(340)] could not read dos header from C:\WINDOWS\System32\NSI.dll
[1223/104957.034:ERROR:process_memory_win.cc(73)] ReadMemory at 0x7ffc252b0000 of 64 bytes failed: Only part of a ReadProcessMemory or WriteProcessMemory request was completed. (0x12B)
[1223/104957.034:WARNING:pe_image_reader.cc(340)] could not read dos header from C:\WINDOWS\SYSTEM32\WINMMBASE.dll
[1223/104957.034:ERROR:process_memory_win.cc(73)] ReadMemory at 0x7ffc299f0000 of 64 bytes failed: Only part of a ReadProcessMemory or WriteProcessMemory request was completed. (0x12B)
[1223/104957.034:WARNING:pe_image_reader.cc(340)] could not read dos header from C:\WINDOWS\System32\cfgmgr32.dll
[1223/104957.034:ERROR:process_memory_win.cc(73)] ReadMemory at 0x7ffc251c0000 of 64 bytes failed: Only part of a ReadProcessMemory or WriteProcessMemory request was completed. (0x12B)
[1223/104957.034:WARNING:pe_image_reader.cc(340)] could not read dos header from C:\WINDOWS\SYSTEM32\PROPSYS.dll
[1223/104957.034:ERROR:process_memory_win.cc(73)] ReadMemory at 0x7ffc29f90000 of 64 bytes failed: Only part of a ReadProcessMemory or WriteProcessMemory request was completed. (0x12B)
[1223/104957.034:WARNING:pe_image_reader.cc(340)] could not read dos header from C:\WINDOWS\System32\shcore.dll
[1223/104957.034:ERROR:process_memory_win.cc(73)] ReadMemory at 0x7ffc28c10000 of 64 bytes failed: Only part of a ReadProcessMemory or WriteProcessMemory request was completed. (0x12B)
[1223/104957.034:WARNING:pe_image_reader.cc(340)] could not read dos header from C:\WINDOWS\SYSTEM32\SSPICLI.DLL
[1223/104957.034:ERROR:process_memory_win.cc(73)] ReadMemory at 0x7ffc286d0000 of 64 bytes failed: Only part of a ReadProcessMemory or WriteProcessMemory request was completed. (0x12B)
[1223/104957.034:WARNING:pe_image_reader.cc(340)] could not read dos header from C:\WINDOWS\SYSTEM32\CRYPTBASE.DLL
[1223/104957.034:ERROR:process_memory_win.cc(73)] ReadMemory at 0x7ff79b040000 of 64 bytes failed: Only part of a ReadProcessMemory or WriteProcessMemory request was completed. (0x12B)
[1223/104957.034:WARNING:pe_image_reader.cc(340)] could not read dos header from C:\Program Files (x86)\Google\Chrome\Application\chrome.exe
[1223/104957.034:ERROR:process_memory_win.cc(73)] ReadMemory at 0x7ffc2bda0000 of 64 bytes failed: Only part of a ReadProcessMemory or WriteProcessMemory request was completed. (0x12B)
[1223/104957.034:WARNING:pe_image_reader.cc(340)] could not read dos header from C:\WINDOWS\SYSTEM32\ntdll.dll
[1223/104957.034:ERROR:process_memory_win.cc(73)] ReadMemory at 0x7ffc2a0b0000 of 64 bytes failed: Only part of a ReadProcessMemory or WriteProcessMemory request was completed. (0x12B)
[1223/104957.034:WARNING:pe_image_reader.cc(340)] could not read dos header from C:\WINDOWS\System32\KERNEL32.DLL
[1223/104957.034:ERROR:process_memory_win.cc(73)] ReadMemory at 0x7ffc28e60000 of 64 bytes failed: Only part of a ReadProcessMemory or WriteProcessMemory request was completed. (0x12B)
[1223/104957.034:WARNING:pe_image_reader.cc(340)] could not read dos header from C:\WINDOWS\System32\KERNELBASE.dll
[1223/104957.034:ERROR:process_memory_win.cc(73)] ReadMemory at 0x7ffc21870000 of 64 bytes failed: Only part of a ReadProcessMemory or WriteProcessMemory request was completed. (0x12B)
[1223/104957.034:WARNING:pe_image_reader.cc(340)] could not read dos header from C:\Program Files (x86)\Google\Chrome\Application\87.0.4280.88\chrome_elf.dll
[1223/104957.034:ERROR:process_memory_win.cc(73)] ReadMemory at 0x7ffc1e190000 of 64 bytes failed: Only part of a ReadProcessMemory or WriteProcessMemory request was completed. (0x12B)
[1223/104957.034:WARNING:pe_image_reader.cc(340)] could not read dos header from C:\WINDOWS\SYSTEM32\VERSION.dll
[1223/104957.034:ERROR:process_memory_win.cc(73)] ReadMemory at 0x7ffc2bb80000 of 64 bytes failed: Only part of a ReadProcessMemory or WriteProcessMemory request was completed. (0x12B)
[1223/104957.034:WARNING:pe_image_reader.cc(340)] could not read dos header from C:\WINDOWS\System32\msvcrt.dll
[1223/104957.034:ERROR:process_memory_win.cc(73)] ReadMemory at 0x7ffc29110000 of 64 bytes failed: Only part of a ReadProcessMemory or WriteProcessMemory request was completed. (0x12B)
[1223/104957.034:WARNING:pe_image_reader.cc(340)] could not read dos header from C:\WINDOWS\System32\bcryptPrimitives.dll
[1223/104957.034:ERROR:process_memory_win.cc(73)] ReadMemory at 0x7ffc2a8d0000 of 64 bytes failed: Only part of a ReadProcessMemory or WriteProcessMemory request was completed. (0x12B)
[1223/104957.034:WARNING:pe_image_reader.cc(340)] could not read dos header from C:\WINDOWS\System32\ADVAPI32.dll
[1223/104957.034:ERROR:process_memory_win.cc(73)] ReadMemory at 0x7ffc2a320000 of 64 bytes failed: Only part of a ReadProcessMemory or WriteProcessMemory request was completed. (0x12B)
[1223/104957.034:WARNING:pe_image_reader.cc(340)] could not read dos header from C:\WINDOWS\System32\sechost.dll
[1223/104957.034:ERROR:process_memory_win.cc(73)] ReadMemory at 0x7ffc2a200000 of 64 bytes failed: Only part of a ReadProcessMemory or WriteProcessMemory request was completed. (0x12B)
[1223/104957.034:WARNING:pe_image_reader.cc(340)] could not read dos header from C:\WINDOWS\System32\RPCRT4.dll
[1223/104957.034:ERROR:process_memory_win.cc(73)] ReadMemory at 0x7ffbea450000 of 64 bytes failed: Only part of a ReadProcessMemory or WriteProcessMemory request was completed. (0x12B)
[1223/104957.034:WARNING:pe_image_reader.cc(340)] could not read dos header from C:\Program Files (x86)\Google\Chrome\Application\87.0.4280.88\chrome.dll
[1223/104957.034:ERROR:process_memory_win.cc(73)] ReadMemory at 0x7ffc2aac0000 of 64 bytes failed: Only part of a ReadProcessMemory or WriteProcessMemory request was completed. (0x12B)
[1223/104957.034:WARNING:pe_image_reader.cc(340)] could not read dos header from C:\WINDOWS\System32\WS2_32.dll
[1223/104957.034:ERROR:process_memory_win.cc(73)] ReadMemory at 0x7ffc2bc90000 of 64 bytes failed: Only part of a ReadProcessMemory or WriteProcessMemory request was completed. (0x12B)
[1223/104957.034:WARNING:pe_image_reader.cc(340)] could not read dos header from C:\WINDOWS\System32\OLEAUT32.dll
[1223/104957.034:ERROR:process_memory_win.cc(73)] ReadMemory at 0x7ffc291a0000 of 64 bytes failed: Only part of a ReadProcessMemory or WriteProcessMemory request was completed. (0x12B)
[1223/104957.034:WARNING:pe_image_reader.cc(340)] could not read dos header from C:\WINDOWS\System32\msvcp_win.dll
[1223/104957.034:ERROR:process_memory_win.cc(73)] ReadMemory at 0x7ffc29a40000 of 64 bytes failed: Only part of a ReadProcessMemory or WriteProcessMemory request was completed. (0x12B)
[1223/104957.034:WARNING:pe_image_reader.cc(340)] could not read dos header from C:\WINDOWS\System32\ucrtbase.dll
[1223/104957.034:ERROR:process_memory_win.cc(73)] ReadMemory at 0x7ffc2a3f0000 of 64 bytes failed: Only part of a ReadProcessMemory or WriteProcessMemory request was completed. (0x12B)
[1223/104957.034:WARNING:pe_image_reader.cc(340)] could not read dos header from C:\WINDOWS\System32\combase.dll
[1223/104957.034:ERROR:process_memory_win.cc(73)] ReadMemory at 0x7ffc28e00000 of 64 bytes failed: Only part of a ReadProcessMemory or WriteProcessMemory request was completed. (0x12B)
[1223/104957.034:WARNING:pe_image_reader.cc(340)] could not read dos header from C:\WINDOWS\System32\WINTRUST.dll
[1223/104957.034:ERROR:process_memory_win.cc(73)] ReadMemory at 0x7ffc28d90000 of 64 bytes failed: Only part of a ReadProcessMemory or WriteProcessMemory request was completed. (0x12B)
[1223/104957.034:WARNING:pe_image_reader.cc(340)] could not read dos header from C:\WINDOWS\System32\MSASN1.dll
[1223/104957.034:ERROR:process_memory_win.cc(73)] ReadMemory at 0x7ffc29b40000 of 64 bytes failed: Only part of a ReadProcessMemory or WriteProcessMemory request was completed. (0x12B)
[1223/104957.034:WARNING:pe_image_reader.cc(340)] could not read dos header from C:\WINDOWS\System32\CRYPT32.dll
[1223/104957.034:ERROR:process_memory_win.cc(73)] ReadMemory at 0x7ffc274d0000 of 64 bytes failed: Only part of a ReadProcessMemory or WriteProcessMemory request was completed. (0x12B)
[1223/104957.034:WARNING:pe_image_reader.cc(340)] could not read dos header from C:\WINDOWS\SYSTEM32\dbghelp.dll
[1223/104957.034:ERROR:process_memory_win.cc(73)] ReadMemory at 0x7ffc28260000 of 64 bytes failed: Only part of a ReadProcessMemory or WriteProcessMemory request was completed. (0x12B)
[1223/104957.034:WARNING:pe_image_reader.cc(340)] could not read dos header from C:\WINDOWS\SYSTEM32\IPHLPAPI.DLL
[1223/104957.034:ERROR:process_memory_win.cc(73)] ReadMemory at 0x7ffc25340000 of 64 bytes failed: Only part of a ReadProcessMemory or WriteProcessMemory request was completed. (0x12B)
[1223/104957.034:WARNING:pe_image_reader.cc(340)] could not read dos header from C:\WINDOWS\SYSTEM32\WINMM.dll
[1223/104957.034:ERROR:process_memory_win.cc(73)] ReadMemory at 0x7ffc11400000 of 64 bytes failed: Only part of a ReadProcessMemory or WriteProcessMemory request was completed. (0x12B)
[1223/104957.034:WARNING:pe_image_reader.cc(340)] could not read dos header from C:\WINDOWS\SYSTEM32\UIAutomationCore.DLL
[1223/104957.034:ERROR:process_memory_win.cc(73)] ReadMemory at 0x7ffc14780000 of 64 bytes failed: Only part of a ReadProcessMemory or WriteProcessMemory request was completed. (0x12B)
[1223/104957.034:WARNING:pe_image_reader.cc(340)] could not read dos header from C:\WINDOWS\SYSTEM32\Secur32.dll
[1223/104957.034:ERROR:process_memory_win.cc(73)] ReadMemory at 0x7ffc28be0000 of 64 bytes failed: Only part of a ReadProcessMemory or WriteProcessMemory request was completed. (0x12B)
[1223/104957.034:WARNING:pe_image_reader.cc(340)] could not read dos header from C:\WINDOWS\SYSTEM32\USERENV.dll
[1223/104957.034:ERROR:process_memory_win.cc(73)] ReadMemory at 0x7ffc28d70000 of 64 bytes failed: Only part of a ReadProcessMemory or WriteProcessMemory request was completed. (0x12B)
[1223/104957.034:WARNING:pe_image_reader.cc(340)] could not read dos header from C:\WINDOWS\System32\profapi.dll
[1223/104957.034:ERROR:process_memory_win.cc(73)] ReadMemory at 0x7ffc19540000 of 64 bytes failed: Only part of a ReadProcessMemory or WriteProcessMemory request was completed. (0x12B)
[1223/104957.034:WARNING:pe_image_reader.cc(340)] could not read dos header from C:\WINDOWS\SYSTEM32\DWrite.dll
[1223/104957.034:ERROR:process_memory_win.cc(73)] ReadMemory at 0x7ffc1bcc0000 of 64 bytes failed: Only part of a ReadProcessMemory or WriteProcessMemory request was completed. (0x12B)
[1223/104957.034:WARNING:pe_image_reader.cc(340)] could not read dos header from C:\WINDOWS\SYSTEM32\WINSPOOL.DRV
[1223/104957.034:ERROR:process_memory_win.cc(73)] ReadMemory at 0x7ffc28d50000 of 64 bytes failed: Only part of a ReadProcessMemory or WriteProcessMemory request was completed. (0x12B)
[1223/104957.034:WARNING:pe_image_reader.cc(340)] could not read dos header from C:\WINDOWS\System32\kernel.appcore.dll
[1223/104957.034:ERROR:process_memory_win.cc(73)] ReadMemory at 0x7ffc28dd0000 of 64 bytes failed: Only part of a ReadProcessMemory or WriteProcessMemory request was completed. (0x12B)
[1223/104957.034:WARNING:pe_image_reader.cc(340)] could not read dos header from C:\WINDOWS\System32\bcrypt.dll
[1223/104957.034:ERROR:process_memory_win.cc(73)] ReadMemory at 0x7ffc223a0000 of 64 bytes failed: Only part of a ReadProcessMemory or WriteProcessMemory request was completed. (0x12B)
[1223/104957.034:WARNING:pe_image_reader.cc(340)] could not read dos header from C:\WINDOWS\SYSTEM32\WINHTTP.dll
[1223/104957.049:ERROR:process_memory_win.cc(73)] ReadMemory at 0x7ffc1e300000 of 64 bytes failed: Only part of a ReadProcessMemory or WriteProcessMemory request was completed. (0x12B)
[1223/104957.049:WARNING:pe_image_reader.cc(340)] could not read dos header from C:\WINDOWS\SYSTEM32\dhcpcsvc.DLL
[1223/104957.049:ERROR:process_memory_win.cc(73)] ReadMemory at 0x7ffc2b210000 of 64 bytes failed: Only part of a ReadProcessMemory or WriteProcessMemory request was completed. (0x12B)
[1223/104957.049:WARNING:pe_image_reader.cc(340)] could not read dos header from C:\WINDOWS\System32\NSI.dll
[1223/104957.049:ERROR:process_memory_win.cc(73)] ReadMemory at 0x7ffc252b0000 of 64 bytes failed: Only part of a ReadProcessMemory or WriteProcessMemory request was completed. (0x12B)
[1223/104957.049:WARNING:pe_image_reader.cc(340)] could not read dos header from C:\WINDOWS\SYSTEM32\WINMMBASE.dll
[1223/104957.049:ERROR:process_memory_win.cc(73)] ReadMemory at 0x7ffc299f0000 of 64 bytes failed: Only part of a ReadProcessMemory or WriteProcessMemory request was completed. (0x12B)
[1223/104957.049:WARNING:pe_image_reader.cc(340)] could not read dos header from C:\WINDOWS\System32\cfgmgr32.dll
[1223/104957.049:ERROR:process_memory_win.cc(73)] ReadMemory at 0x7ffc251c0000 of 64 bytes failed: Only part of a ReadProcessMemory or WriteProcessMemory request was completed. (0x12B)
[1223/104957.049:WARNING:pe_image_reader.cc(340)] could not read dos header from C:\WINDOWS\SYSTEM32\PROPSYS.dll
[1223/104957.049:ERROR:process_memory_win.cc(73)] ReadMemory at 0x7ffc29f90000 of 64 bytes failed: Only part of a ReadProcessMemory or WriteProcessMemory request was completed. (0x12B)
[1223/104957.049:WARNING:pe_image_reader.cc(340)] could not read dos header from C:\WINDOWS\System32\shcore.dll
[1223/104957.049:ERROR:process_memory_win.cc(73)] ReadMemory at 0x7ffc28c10000 of 64 bytes failed: Only part of a ReadProcessMemory or WriteProcessMemory request was completed. (0x12B)
[1223/104957.049:WARNING:pe_image_reader.cc(340)] could not read dos header from C:\WINDOWS\SYSTEM32\SSPICLI.DLL
[1223/104957.049:ERROR:process_memory_win.cc(73)] ReadMemory at 0x7ffc286d0000 of 64 bytes failed: Only part of a ReadProcessMemory or WriteProcessMemory request was completed. (0x12B)
[1223/104957.049:WARNING:pe_image_reader.cc(340)] could not read dos header from C:\WINDOWS\SYSTEM32\CRYPTBASE.DLL
[1223/104957.969:ERROR:process_memory_win.cc(73)] ReadMemory at 0xb86d1f4000 of 49152 bytes failed: Only part of a ReadProcessMemory or WriteProcessMemory request was completed. (0x12B)
[1223/104957.969:ERROR:process_memory_win.cc(73)] ReadMemory at 0xb86d9fe000 of 8192 bytes failed: Only part of a ReadProcessMemory or WriteProcessMemory request was completed. (0x12B)
[1223/104957.985:ERROR:process_memory_win.cc(73)] ReadMemory at 0xb86e1f8000 of 32768 bytes failed: Only part of a ReadProcessMemory or WriteProcessMemory request was completed. (0x12B)
[1223/104957.985:ERROR:process_memory_win.cc(73)] ReadMemory at 0xb86e9fe000 of 8192 bytes failed: Only part of a ReadProcessMemory or WriteProcessMemory request was completed. (0x12B)
[1223/104957.985:ERROR:process_memory_win.cc(73)] ReadMemory at 0xb86f1fd000 of 12288 bytes failed: Only part of a ReadProcessMemory or WriteProcessMemory request was completed. (0x12B)
[1223/104957.985:ERROR:process_memory_win.cc(73)] ReadMemory at 0xb8701fe000 of 8192 bytes failed: Only part of a ReadProcessMemory or WriteProcessMemory request was completed. (0x12B)
[1223/104958.141:ERROR:process_memory_win.cc(73)] ReadMemory at 0xb8709fe000 of 8192 bytes failed: Only part of a ReadProcessMemory or WriteProcessMemory request was completed. (0x12B)
[1223/104958.141:ERROR:process_memory_win.cc(73)] ReadMemory at 0xb8711fd000 of 12288 bytes failed: Only part of a ReadProcessMemory or WriteProcessMemory request was completed. (0x12B)
[1223/104958.141:ERROR:process_memory_win.cc(73)] ReadMemory at 0xb8721fe000 of 8192 bytes failed: Only part of a ReadProcessMemory or WriteProcessMemory request was completed. (0x12B)
[1223/104958.141:ERROR:process_memory_win.cc(73)] ReadMemory at 0xb8729fe000 of 8192 bytes failed: Only part of a ReadProcessMemory or WriteProcessMemory request was completed. (0x12B)
[1223/104958.141:ERROR:process_memory_win.cc(73)] ReadMemory at 0xb8731fe000 of 8192 bytes failed: Only part of a ReadProcessMemory or WriteProcessMemory request was completed. (0x12B)
[1223/104958.141:ERROR:process_memory_win.cc(73)] ReadMemory at 0xb8739fe000 of 8192 bytes failed: Only part of a ReadProcessMemory or WriteProcessMemory request was completed. (0x12B)
[1223/104958.141:ERROR:process_memory_win.cc(73)] ReadMemory at 0xb86f9f6000 of 40960 bytes failed: Only part of a ReadProcessMemory or WriteProcessMemory request was completed. (0x12B)
[1223/104958.141:ERROR:process_memory_win.cc(73)] ReadMemory at 0xb8719fd000 of 12288 bytes failed: Only part of a ReadProcessMemory or WriteProcessMemory request was completed. (0x12B)
[1223/104958.141:ERROR:process_memory_win.cc(73)] ReadMemory at 0xb86c8cc000 of 852 bytes failed: Only part of a ReadProcessMemory or WriteProcessMemory request was completed. (0x12B)
[1223/104958.141:ERROR:process_memory_win.cc(73)] ReadMemory at 0xb86c8cd000 of 6024 bytes failed: Only part of a ReadProcessMemory or WriteProcessMemory request was completed. (0x12B)
[1223/104958.141:ERROR:process_memory_win.cc(73)] ReadMemory at 0xb86c8cf000 of 6024 bytes failed: Only part of a ReadProcessMemory or WriteProcessMemory request was completed. (0x12B)
[1223/104958.141:ERROR:process_memory_win.cc(73)] ReadMemory at 0xb86c8d1000 of 6024 bytes failed: Only part of a ReadProcessMemory or WriteProcessMemory request was completed. (0x12B)
[1223/104958.141:ERROR:process_memory_win.cc(73)] ReadMemory at 0xb86c8d3000 of 6024 bytes failed: Only part of a ReadProcessMemory or WriteProcessMemory request was completed. (0x12B)
[1223/104958.141:ERROR:process_memory_win.cc(73)] ReadMemory at 0xb86c8d5000 of 6024 bytes failed: Only part of a ReadProcessMemory or WriteProcessMemory request was completed. (0x12B)
[1223/104958.141:ERROR:process_memory_win.cc(73)] ReadMemory at 0xb86c8d9000 of 6024 bytes failed: Only part of a ReadProcessMemory or WriteProcessMemory request was completed. (0x12B)
[1223/104958.157:ERROR:process_memory_win.cc(73)] ReadMemory at 0xb86c8db000 of 6024 bytes failed: Only part of a ReadProcessMemory or WriteProcessMemory request was completed. (0x12B)
[1223/104958.157:ERROR:process_memory_win.cc(73)] ReadMemory at 0xb86c8dd000 of 6024 bytes failed: Only part of a ReadProcessMemory or WriteProcessMemory request was completed. (0x12B)
[1223/104958.157:ERROR:process_memory_win.cc(73)] ReadMemory at 0xb86c8e1000 of 6024 bytes failed: Only part of a ReadProcessMemory or WriteProcessMemory request was completed. (0x12B)
[1223/104958.157:ERROR:process_memory_win.cc(73)] ReadMemory at 0xb86c8e3000 of 6024 bytes failed: Only part of a ReadProcessMemory or WriteProcessMemory request was completed. (0x12B)
[1223/104958.157:ERROR:process_memory_win.cc(73)] ReadMemory at 0xb86c8e5000 of 6024 bytes failed: Only part of a ReadProcessMemory or WriteProcessMemory request was completed. (0x12B)
[1223/104958.157:ERROR:process_memory_win.cc(73)] ReadMemory at 0xb86c8e7000 of 6024 bytes failed: Only part of a ReadProcessMemory or WriteProcessMemory request was completed. (0x12B)
[1223/104958.157:ERROR:process_memory_win.cc(73)] ReadMemory at 0xb86c8e9000 of 6024 bytes failed: Only part of a ReadProcessMemory or WriteProcessMemory request was completed. (0x12B)
[1223/104958.157:ERROR:process_memory_win.cc(73)] ReadMemory at 0xb86c8eb000 of 6024 bytes failed: Only part of a ReadProcessMemory or WriteProcessMemory request was completed. (0x12B)
[1223/104958.157:ERROR:process_memory_win.cc(73)] ReadMemory at 0x23016450fe0 of 17114 bytes failed: Only part of a ReadProcessMemory or WriteProcessMemory request was completed. (0x12B)
[1223/104958.157:ERROR:process_memory_win.cc(73)] ReadMemory at 0x230164552d0 of 1012 bytes failed: Only part of a ReadProcessMemory or WriteProcessMemory request was completed. (0x12B)
[1223/104958.157:ERROR:process_memory_win.cc(73)] ReadMemory at 0x23016455918 of 118 bytes failed: Only part of a ReadProcessMemory or WriteProcessMemory request was completed. (0x12B)
[1223/104958.157:ERROR:process_memory_win.cc(73)] ReadMemory at 0x23016455990 of 710 bytes failed: Only part of a ReadProcessMemory or WriteProcessMemory request was completed. (0x12B)
[1223/104958.157:ERROR:process_memory_win.cc(73)] ReadMemory at 0x23016455c58 of 118 bytes failed: Only part of a ReadProcessMemory or WriteProcessMemory request was completed. (0x12B)
[1223/104958.157:ERROR:process_memory_win.cc(73)] ReadMemory at 0x23016455cd0 of 98 bytes failed: Only part of a ReadProcessMemory or WriteProcessMemory request was completed. (0x12B)
[1223/104958.157:ERROR:process_memory_win.cc(73)] ReadMemory at 0x23016455d40 of 58 bytes failed: Only part of a ReadProcessMemory or WriteProcessMemory request was completed. (0x12B)
[1223/104958.157:ERROR:process_memory_win.cc(73)] ReadMemory at 0x23016455e40 of 132 bytes failed: Only part of a ReadProcessMemory or WriteProcessMemory request was completed. (0x12B)
[1223/104958.157:ERROR:process_memory_win.cc(73)] ReadMemory at 0x23016455fd0 of 132 bytes failed: Only part of a ReadProcessMemory or WriteProcessMemory request was completed. (0x12B)
[1223/104958.157:ERROR:process_memory_win.cc(73)] ReadMemory at 0x23016456190 of 124 bytes failed: Only part of a ReadProcessMemory or WriteProcessMemory request was completed. (0x12B)
[1223/104958.157:ERROR:process_memory_win.cc(73)] ReadMemory at 0x23016456690 of 132 bytes failed: Only part of a ReadProcessMemory or WriteProcessMemory request was completed. (0x12B)
[1223/104958.157:ERROR:process_memory_win.cc(73)] ReadMemory at 0x23016456820 of 64 bytes failed: Only part of a ReadProcessMemory or WriteProcessMemory request was completed. (0x12B)
[1223/104958.157:ERROR:process_memory_win.cc(73)] ReadMemory at 0x23016456870 of 132 bytes failed: Only part of a ReadProcessMemory or WriteProcessMemory request was completed. (0x12B)
[1223/104958.157:ERROR:process_memory_win.cc(73)] ReadMemory at 0x23016456a80 of 152 bytes failed: Only part of a ReadProcessMemory or WriteProcessMemory request was completed. (0x12B)
[1223/104958.157:ERROR:process_memory_win.cc(73)] ReadMemory at 0x23016456c80 of 132 bytes failed: Only part of a ReadProcessMemory or WriteProcessMemory request was completed. (0x12B)
[1223/104958.157:ERROR:process_memory_win.cc(73)] ReadMemory at 0x23016456e10 of 68 bytes failed: Only part of a ReadProcessMemory or WriteProcessMemory request was completed. (0x12B)
[1223/104958.157:ERROR:process_memory_win.cc(73)] ReadMemory at 0x23016457fb0 of 132 bytes failed: Only part of a ReadProcessMemory or WriteProcessMemory request was completed. (0x12B)
[1223/104958.157:ERROR:process_memory_win.cc(73)] ReadMemory at 0x23016458d40 of 62 bytes failed: Only part of a ReadProcessMemory or WriteProcessMemory request was completed. (0x12B)
[1223/104958.157:ERROR:process_memory_win.cc(73)] ReadMemory at 0x23016458ea0 of 132 bytes failed: Only part of a ReadProcessMemory or WriteProcessMemory request was completed. (0x12B)
[1223/104958.157:ERROR:process_memory_win.cc(73)] ReadMemory at 0x23016459030 of 60 bytes failed: Only part of a ReadProcessMemory or WriteProcessMemory request was completed. (0x12B)
[1223/104958.157:ERROR:process_memory_win.cc(73)] ReadMemory at 0x230164688d0 of 54 bytes failed: Only part of a ReadProcessMemory or WriteProcessMemory request was completed. (0x12B)
[1223/104958.157:ERROR:process_memory_win.cc(73)] ReadMemory at 0x2301646abc0 of 80 bytes failed: Only part of a ReadProcessMemory or WriteProcessMemory request was completed. (0x12B)
[1223/104958.157:ERROR:process_memory_win.cc(73)] ReadMemory at 0x2301646c610 of 132 bytes failed: Only part of a ReadProcessMemory or WriteProcessMemory request was completed. (0x12B)
[1223/104958.157:ERROR:process_memory_win.cc(73)] ReadMemory at 0x2301646cea0 of 132 bytes failed: Only part of a ReadProcessMemory or WriteProcessMemory request was completed. (0x12B)
[1223/104958.157:ERROR:process_memory_win.cc(73)] ReadMemory at 0x2301646cfd0 of 132 bytes failed: Only part of a ReadProcessMemory or WriteProcessMemory request was completed. (0x12B)
[1223/104958.157:ERROR:process_memory_win.cc(73)] ReadMemory at 0x2301646d340 of 144 bytes failed: Only part of a ReadProcessMemory or WriteProcessMemory request was completed. (0x12B)
[1223/104958.157:ERROR:process_memory_win.cc(73)] ReadMemory at 0x2301646d480 of 132 bytes failed: Only part of a ReadProcessMemory or WriteProcessMemory request was completed. (0x12B)
[1223/104958.157:ERROR:process_memory_win.cc(73)] ReadMemory at 0x2301646dae0 of 80 bytes failed: Only part of a ReadProcessMemory or WriteProcessMemory request was completed. (0x12B)
[1223/104958.157:ERROR:process_memory_win.cc(73)] ReadMemory at 0x2301646dea0 of 76 bytes failed: Only part of a ReadProcessMemory or WriteProcessMemory request was completed. (0x12B)
[1223/104958.157:ERROR:process_memory_win.cc(73)] ReadMemory at 0x2301646eba0 of 66 bytes failed: Only part of a ReadProcessMemory or WriteProcessMemory request was completed. (0x12B)
[1223/104958.157:ERROR:process_memory_win.cc(73)] ReadMemory at 0x2301646ed80 of 62 bytes failed: Only part of a ReadProcessMemory or WriteProcessMemory request was completed. (0x12B)
[1223/104958.157:ERROR:process_memory_win.cc(73)] ReadMemory at 0x2301646edd0 of 62 bytes failed: Only part of a ReadProcessMemory or WriteProcessMemory request was completed. (0x12B)
[1223/104958.157:ERROR:process_memory_win.cc(73)] ReadMemory at 0x2301646ee20 of 64 bytes failed: Only part of a ReadProcessMemory or WriteProcessMemory request was completed. (0x12B)
[1223/104958.157:ERROR:process_memory_win.cc(73)] ReadMemory at 0x2301646ee70 of 62 bytes failed: Only part of a ReadProcessMemory or WriteProcessMemory request was completed. (0x12B)
[1223/104958.157:ERROR:process_memory_win.cc(73)] ReadMemory at 0x2301646ef10 of 58 bytes failed: Only part of a ReadProcessMemory or WriteProcessMemory request was completed. (0x12B)
[1223/104958.157:ERROR:process_memory_win.cc(73)] ReadMemory at 0x2301646f0a0 of 60 bytes failed: Only part of a ReadProcessMemory or WriteProcessMemory request was completed. (0x12B)
[1223/104958.157:ERROR:process_memory_win.cc(73)] ReadMemory at 0x2301646f0f0 of 62 bytes failed: Only part of a ReadProcessMemory or WriteProcessMemory request was completed. (0x12B)
[1223/104958.157:ERROR:process_memory_win.cc(73)] ReadMemory at 0x2301646f230 of 62 bytes failed: Only part of a ReadProcessMemory or WriteProcessMemory request was completed. (0x12B)
[1223/104958.157:ERROR:process_memory_win.cc(73)] ReadMemory at 0x2301646f280 of 64 bytes failed: Only part of a ReadProcessMemory or WriteProcessMemory request was completed. (0x12B)
[1223/104958.157:ERROR:process_memory_win.cc(73)] ReadMemory at 0x2301646f320 of 62 bytes failed: Only part of a ReadProcessMemory or WriteProcessMemory request was completed. (0x12B)
[1223/104958.157:ERROR:process_memory_win.cc(73)] ReadMemory at 0x2301646f4b0 of 64 bytes failed: Only part of a ReadProcessMemory or WriteProcessMemory request was completed. (0x12B)
[1223/104958.157:ERROR:process_memory_win.cc(73)] ReadMemory at 0x2301646f500 of 60 bytes failed: Only part of a ReadProcessMemory or WriteProcessMemory request was completed. (0x12B)
[1223/104958.157:ERROR:process_memory_win.cc(73)] ReadMemory at 0x2301646f6e0 of 60 bytes failed: Only part of a ReadProcessMemory or WriteProcessMemory request was completed. (0x12B)
[1223/104958.157:ERROR:process_memory_win.cc(73)] ReadMemory at 0x23016471170 of 60 bytes failed: Only part of a ReadProcessMemory or WriteProcessMemory request was completed. (0x12B)
[1223/104958.157:ERROR:process_memory_win.cc(73)] ReadMemory at 0x230164713a0 of 62 bytes failed: Only part of a ReadProcessMemory or WriteProcessMemory request was completed. (0x12B)
[1223/104958.157:ERROR:process_memory_win.cc(73)] ReadMemory at 0x23016471580 of 60 bytes failed: Only part of a ReadProcessMemory or WriteProcessMemory request was completed. (0x12B)
[1223/104958.157:ERROR:process_memory_win.cc(73)] ReadMemory at 0x230164715d0 of 64 bytes failed: Only part of a ReadProcessMemory or WriteProcessMemory request was completed. (0x12B)
[1223/104958.157:ERROR:process_memory_win.cc(73)] ReadMemory at 0x23016471620 of 66 bytes failed: Only part of a ReadProcessMemory or WriteProcessMemory request was completed. (0x12B)
[1223/104958.157:ERROR:process_memory_win.cc(73)] ReadMemory at 0x23016471670 of 64 bytes failed: Only part of a ReadProcessMemory or WriteProcessMemory request was completed. (0x12B)
[1223/104958.157:ERROR:process_memory_win.cc(73)] ReadMemory at 0x23016471710 of 64 bytes failed: Only part of a ReadProcessMemory or WriteProcessMemory request was completed. (0x12B)
[1223/104958.716:ERROR:process_memory_win.cc(73)] ReadMemory at 0x23016471760 of 62 bytes failed: Only part of a ReadProcessMemory or WriteProcessMemory request was completed. (0x12B)
[1223/104958.731:ERROR:process_memory_win.cc(73)] ReadMemory at 0x230164718f0 of 64 bytes failed: Only part of a ReadProcessMemory or WriteProcessMemory request was completed. (0x12B)
[1223/104958.731:ERROR:process_memory_win.cc(73)] ReadMemory at 0x23016471990 of 60 bytes failed: Only part of a ReadProcessMemory or WriteProcessMemory request was completed. (0x12B)
[1223/104958.731:ERROR:process_memory_win.cc(73)] ReadMemory at 0x23016471a30 of 62 bytes failed: Only part of a ReadProcessMemory or WriteProcessMemory request was completed. (0x12B)
[1223/104958.731:ERROR:process_memory_win.cc(73)] ReadMemory at 0x23016471b20 of 62 bytes failed: Only part of a ReadProcessMemory or WriteProcessMemory request was completed. (0x12B)
[1223/104958.731:ERROR:process_memory_win.cc(73)] ReadMemory at 0x23016471bc0 of 64 bytes failed: Only part of a ReadProcessMemory or WriteProcessMemory request was completed. (0x12B)
[1223/104958.731:ERROR:process_memory_win.cc(73)] ReadMemory at 0x230164753d0 of 132 bytes failed: Only part of a ReadProcessMemory or WriteProcessMemory request was completed. (0x12B)
[1223/104958.731:ERROR:process_memory_win.cc(73)] ReadMemory at 0x230164784d0 of 132 bytes failed: Only part of a ReadProcessMemory or WriteProcessMemory request was completed. (0x12B)
[1223/104958.731:ERROR:process_memory_win.cc(73)] ReadMemory at 0x23016478600 of 132 bytes failed: Only part of a ReadProcessMemory or WriteProcessMemory request was completed. (0x12B)
[1223/104958.731:ERROR:process_memory_win.cc(73)] ReadMemory at 0x23016478860 of 132 bytes failed: Only part of a ReadProcessMemory or WriteProcessMemory request was completed. (0x12B)
[1223/104958.747:ERROR:process_memory_win.cc(73)] ReadMemory at 0x23016478990 of 132 bytes failed: Only part of a ReadProcessMemory or WriteProcessMemory request was completed. (0x12B)
[1223/104958.751:ERROR:process_memory_win.cc(73)] ReadMemory at 0x23016478ac0 of 132 bytes failed: Only part of a ReadProcessMemory or WriteProcessMemory request was completed. (0x12B)
[1223/104958.752:ERROR:process_memory_win.cc(73)] ReadMemory at 0x23016478bf0 of 132 bytes failed: Only part of a ReadProcessMemory or WriteProcessMemory request was completed. (0x12B)
[1223/104958.752:ERROR:process_memory_win.cc(73)] ReadMemory at 0x23016478d20 of 132 bytes failed: Only part of a ReadProcessMemory or WriteProcessMemory request was completed. (0x12B)
[1223/104958.752:ERROR:process_memory_win.cc(73)] ReadMemory at 0x23016478e50 of 132 bytes failed: Only part of a ReadProcessMemory or WriteProcessMemory request was completed. (0x12B)
[1223/104958.752:ERROR:process_memory_win.cc(73)] ReadMemory at 0x23016478f80 of 132 bytes failed: Only part of a ReadProcessMemory or WriteProcessMemory request was completed. (0x12B)
[1223/104958.752:ERROR:process_memory_win.cc(73)] ReadMemory at 0x230164790b0 of 132 bytes failed: Only part of a ReadProcessMemory or WriteProcessMemory request was completed. (0x12B)
[1223/104958.752:ERROR:process_memory_win.cc(73)] ReadMemory at 0x230164791e0 of 132 bytes failed: Only part of a ReadProcessMemory or WriteProcessMemory request was completed. (0x12B)
[1223/104958.753:ERROR:process_memory_win.cc(73)] ReadMemory at 0x23016479310 of 132 bytes failed: Only part of a ReadProcessMemory or WriteProcessMemory request was completed. (0x12B)
[1223/104958.753:ERROR:process_memory_win.cc(73)] ReadMemory at 0x2301647a830 of 132 bytes failed: Only part of a ReadProcessMemory or WriteProcessMemory request was completed. (0x12B)
[1223/104958.753:ERROR:process_memory_win.cc(73)] ReadMemory at 0x2301647a960 of 132 bytes failed: Only part of a ReadProcessMemory or WriteProcessMemory request was completed. (0x12B)
[1223/104958.753:ERROR:process_memory_win.cc(73)] ReadMemory at 0x2301647e2d0 of 132 bytes failed: Only part of a ReadProcessMemory or WriteProcessMemory request was completed. (0x12B)
[1223/104958.753:ERROR:process_memory_win.cc(73)] ReadMemory at 0x2301647e4f0 of 132 bytes failed: Only part of a ReadProcessMemory or WriteProcessMemory request was completed. (0x12B)
[1223/104958.753:ERROR:process_memory_win.cc(73)] ReadMemory at 0x2301647e850 of 132 bytes failed: Only part of a ReadProcessMemory or WriteProcessMemory request was completed. (0x12B)
[1223/104958.754:ERROR:process_memory_win.cc(73)] ReadMemory at 0x2301647f120 of 132 bytes failed: Only part of a ReadProcessMemory or WriteProcessMemory request was completed. (0x12B)
[1223/104958.754:ERROR:process_memory_win.cc(73)] ReadMemory at 0x2301647f5e0 of 132 bytes failed: Only part of a ReadProcessMemory or WriteProcessMemory request was completed. (0x12B)
[1223/104958.754:ERROR:process_memory_win.cc(73)] ReadMemory at 0x2301647f710 of 132 bytes failed: Only part of a ReadProcessMemory or WriteProcessMemory request was completed. (0x12B)
[1223/104958.754:ERROR:process_memory_win.cc(73)] ReadMemory at 0x23016480090 of 132 bytes failed: Only part of a ReadProcessMemory or WriteProcessMemory request was completed. (0x12B)
[1223/104958.754:ERROR:process_memory_win.cc(73)] ReadMemory at 0x230164801c0 of 132 bytes failed: Only part of a ReadProcessMemory or WriteProcessMemory request was completed. (0x12B)
[1223/104958.754:ERROR:process_memory_win.cc(73)] ReadMemory at 0x23016480420 of 132 bytes failed: Only part of a ReadProcessMemory or WriteProcessMemory request was completed. (0x12B)
[1223/104958.755:ERROR:process_memory_win.cc(73)] ReadMemory at 0x23016480550 of 132 bytes failed: Only part of a ReadProcessMemory or WriteProcessMemory request was completed. (0x12B)
[1223/104958.755:ERROR:process_memory_win.cc(73)] ReadMemory at 0x230164807b0 of 132 bytes failed: Only part of a ReadProcessMemory or WriteProcessMemory request was completed. (0x12B)
[1223/104958.755:ERROR:process_memory_win.cc(73)] ReadMemory at 0x23016480c70 of 132 bytes failed: Only part of a ReadProcessMemory or WriteProcessMemory request was completed. (0x12B)
[1223/104958.755:ERROR:process_memory_win.cc(73)] ReadMemory at 0x23016480da0 of 132 bytes failed: Only part of a ReadProcessMemory or WriteProcessMemory request was completed. (0x12B)
[1223/104959.281:ERROR:process_memory_win.cc(73)] ReadMemory at 0x230164cbc20 of 768 bytes failed: Only part of a ReadProcessMemory or WriteProcessMemory request was completed. (0x12B)
[1223/104959.281:ERROR:process_memory_win.cc(73)] ReadMemory at 0x230164cc0f0 of 512 bytes failed: Only part of a ReadProcessMemory or WriteProcessMemory request was completed. (0x12B)
[1223/104959.281:ERROR:process_memory_win.cc(73)] ReadMemory at 0x230164eee90 of 512 bytes failed: Only part of a ReadProcessMemory or WriteProcessMemory request was completed. (0x12B)
[1223/104959.281:ERROR:process_memory_win.cc(73)] ReadMemory at 0x230164fd2e0 of 512 bytes failed: Only part of a ReadProcessMemory or WriteProcessMemory request was completed. (0x12B)
[1223/104959.297:ERROR:process_memory_win.cc(73)] ReadMemory at 0x23016504e40 of 712 bytes failed: Only part of a ReadProcessMemory or WriteProcessMemory request was completed. (0x12B)
[1223/104959.297:ERROR:process_memory_win.cc(73)] ReadMemory at 0x2301650bfb0 of 512 bytes failed: Only part of a ReadProcessMemory or WriteProcessMemory request was completed. (0x12B)
[1223/104959.297:ERROR:process_memory_win.cc(73)] ReadMemory at 0x2301650f4c8 of 512 bytes failed: Only part of a ReadProcessMemory or WriteProcessMemory request was completed. (0x12B)
[1223/104959.297:ERROR:process_memory_win.cc(73)] ReadMemory at 0x23016510bd8 of 656 bytes failed: Only part of a ReadProcessMemory or WriteProcessMemory request was completed. (0x12B)
[1223/104959.297:ERROR:process_memory_win.cc(73)] ReadMemory at 0x23016513dc0 of 512 bytes failed: Only part of a ReadProcessMemory or WriteProcessMemory request was completed. (0x12B)
[1223/104959.297:ERROR:process_memory_win.cc(73)] ReadMemory at 0x23016660c40 of 512 bytes failed: Only part of a ReadProcessMemory or WriteProcessMemory request was completed. (0x12B)
[1223/104959.297:ERROR:process_memory_win.cc(73)] ReadMemory at 0x23017f60000 of 384 bytes failed: Only part of a ReadProcessMemory or WriteProcessMemory request was completed. (0x12B)
[1223/104959.297:ERROR:process_memory_win.cc(73)] ReadMemory at 0x23017f98840 of 512 bytes failed: Only part of a ReadProcessMemory or WriteProcessMemory request was completed. (0x12B)
[1223/104959.297:ERROR:process_memory_win.cc(73)] ReadMemory at 0x23018016380 of 512 bytes failed: Only part of a ReadProcessMemory or WriteProcessMemory request was completed. (0x12B)
[1223/104959.297:ERROR:process_memory_win.cc(73)] ReadMemory at 0x2301802ed26 of 736 bytes failed: Only part of a ReadProcessMemory or WriteProcessMemory request was completed. (0x12B)
[1223/104959.297:ERROR:process_memory_win.cc(73)] ReadMemory at 0x230182a3150 of 512 bytes failed: Only part of a ReadProcessMemory or WriteProcessMemory request was completed. (0x12B)
[1223/104959.297:ERROR:process_memory_win.cc(73)] ReadMemory at 0x230182f1aa0 of 512 bytes failed: Only part of a ReadProcessMemory or WriteProcessMemory request was completed. (0x12B)
[1223/104959.297:ERROR:process_memory_win.cc(73)] ReadMemory at 0x2301837c990 of 512 bytes failed: Only part of a ReadProcessMemory or WriteProcessMemory request was completed. (0x12B)
[1223/104959.297:ERROR:process_memory_win.cc(73)] ReadMemory at 0x1d7400000000 of 384 bytes failed: Only part of a ReadProcessMemory or WriteProcessMemory request was completed. (0x12B)
[1223/104959.297:ERROR:process_memory_win.cc(73)] ReadMemory at 0x1d74082caf21 of 512 bytes failed: Only part of a ReadProcessMemory or WriteProcessMemory request was completed. (0x12B)
[1223/104959.297:ERROR:process_memory_win.cc(73)] ReadMemory at 0x1d7409a2fe2d of 535 bytes failed: Only part of a ReadProcessMemory or WriteProcessMemory request was completed. (0x12B)
[1223/104959.297:ERROR:process_memory_win.cc(73)] ReadMemory at 0x37f0ff4218c0 of 512 bytes failed: Only part of a ReadProcessMemory or WriteProcessMemory request was completed. (0x12B)
[1223/104959.297:ERROR:process_memory_win.cc(73)] ReadMemory at 0x7ffbec87ed30 of 512 bytes failed: Only part of a ReadProcessMemory or WriteProcessMemory request was completed. (0x12B)
[1223/104959.297:ERROR:process_memory_win.cc(73)] ReadMemory at 0x7ffbf223f61b of 512 bytes failed: Only part of a ReadProcessMemory or WriteProcessMemory request was completed. (0x12B)
[1223/104959.297:ERROR:process_memory_win.cc(73)] ReadMemory at 0x7ffc28e9a7b9 of 512 bytes failed: Only part of a ReadProcessMemory or WriteProcessMemory request was completed. (0x12B)
[1223/104959.297:ERROR:process_memory_win.cc(73)] ReadMemory at 0x7ffc2a0d1cf0 of 512 bytes failed: Only part of a ReadProcessMemory or WriteProcessMemory request was completed. (0x12B)
[1223/104959.297:ERROR:process_memory_win.cc(73)] ReadMemory at 0x7ffc2be3c064 of 672 bytes failed: Only part of a ReadProcessMemory or WriteProcessMemory request was completed. (0x12B)
[1223/104959.297:ERROR:process_memory_win.cc(73)] ReadMemory at 0x7ffc2be3c664 of 512 bytes failed: Only part of a ReadProcessMemory or WriteProcessMemory request was completed. (0x12B)
[1223/104959.297:ERROR:process_memory_win.cc(73)] ReadMemory at 0x7ffc2be3f914 of 608 bytes failed: Only part of a ReadProcessMemory or WriteProcessMemory request was completed. (0x12B)
[1223/104959.297:ERROR:process_memory_win.cc(73)] ReadMemory at 0x7ffc2becc418 of 18 bytes failed: Only part of a ReadProcessMemory or WriteProcessMemory request was completed. (0x12B)
[1223/104959.297:ERROR:process_memory_win.cc(73)] ReadMemory at 0x7ffc2beff4f8 of 40 bytes failed: Only part of a ReadProcessMemory or WriteProcessMemory request was completed. (0x12B)
[1223/104959.297:ERROR:process_memory_win.cc(73)] ReadMemory at 0x7ffc2beff978 of 48 bytes failed: Only part of a ReadProcessMemory or WriteProcessMemory request was completed. (0x12B)
[1223/104959.297:ERROR:process_memory_win.cc(73)] ReadMemory at 0x7ffc2bf053c0 of 64 bytes failed: Only part of a ReadProcessMemory or WriteProcessMemory request was completed. (0x12B)
[1223/105000.718:ERROR:scoped_process_suspend.cc(40)] NtResumeProcess: An attempt was made to access an exiting process. (0xc000010a)
[1223/105000.921:ERROR:scoped_process_suspend.cc(31)] NtSuspendProcess: An attempt was made to access an exiting process. (0xc000010a)
[1223/105006.295:ERROR:process_info.cc(118)] ReadProcessMemory bool __cdecl crashpad::(anonymous namespace)::ReadStruct(HANDLE, crashpad::WinVMAddress, T *) [T = crashpad::process_types::PEB<crashpad::process_types::internal::Traits64>]: Only part of a ReadProcessMemory or WriteProcessMemory request was completed. (0x12B)
[1223/105006.295:ERROR:process_info.cc(551)] ReadProcessData failed
[1223/105028.597:ERROR:directory_reader_win.cc(43)] FindFirstFile: The system cannot find the path specified. (0x3)
[1223/151419.881:ERROR:crash_report_database_win.cc(455)] unexpected header
[1223/153133.390:ERROR:crash_report_database_win.cc(455)] unexpected header
[1227/135634.936:ERROR:crash_report_database_win.cc(455)] unexpected header
[1228/133131.250:ERROR:crash_report_database_win.cc(455)] unexpected header
[1229/105644.796:ERROR:crash_report_database_win.cc(455)] unexpected header
[1229/181456.473:ERROR:crash_report_database_win.cc(455)] unexpected header
[1230/122700.763:ERROR:crash_report_database_win.cc(455)] unexpected header
[0109/164233.591:ERROR:directory_reader_win.cc(43)] FindFirstFile: The system cannot find the path specified. (0x3)
[0110/135651.483:ERROR:directory_reader_win.cc(43)] FindFirstFile: The system cannot find the path specified. (0x3)
[0111/140428.336:ERROR:directory_reader_win.cc(43)] FindFirstFile: The system cannot find the path specified. (0x3)
